<?xml version="1.0" encoding="UTF-8"?>
<testsuite name="IntroLabTest" tests="2" skipped="0" failures="0" errors="0" timestamp="2022-09-12T17:01:37" hostname="Justins-MacBook-Pro.local" time="0.079">
  <properties/>
  <testcase name="testExampleStudent" classname="IntroLabTest" time="0.077"/>
  <testcase name="testJustin" classname="IntroLabTest" time="0.001"/>
  <system-out><![CDATA[]]></system-out>
  <system-err><![CDATA[]]></system-err>
</testsuite>
